c:\users\erik\documents\visual studio 2017\projects\q2tools\bsp\qvis3\x64\debug\vc141.pdb
c:\users\erik\documents\visual studio 2017\projects\q2tools\bsp\qvis3\x64\debug\vc141.idb
c:\users\erik\documents\visual studio 2017\projects\q2tools\bsp\qvis3\x64\debug\bspfile.obj
c:\users\erik\documents\visual studio 2017\projects\q2tools\bsp\qvis3\x64\debug\cmdlib.obj
c:\users\erik\documents\visual studio 2017\projects\q2tools\bsp\qvis3\x64\debug\mathlib.obj
c:\users\erik\documents\visual studio 2017\projects\q2tools\bsp\qvis3\x64\debug\polylib.obj
c:\users\erik\documents\visual studio 2017\projects\q2tools\bsp\qvis3\x64\debug\scriplib.obj
c:\users\erik\documents\visual studio 2017\projects\q2tools\bsp\qvis3\x64\debug\threads.obj
c:\users\erik\documents\visual studio 2017\projects\q2tools\bsp\qvis3\x64\debug\flow.obj
c:\users\erik\documents\visual studio 2017\projects\q2tools\bsp\qvis3\x64\debug\qvis3.obj
c:\users\erik\documents\visual studio 2017\projects\q2tools\x64\debug\qvis3.pdb
c:\users\erik\documents\visual studio 2017\projects\q2tools\bsp\qvis3\x64\debug\qvis3.tlog\cl.command.1.tlog
c:\users\erik\documents\visual studio 2017\projects\q2tools\bsp\qvis3\x64\debug\qvis3.tlog\cl.read.1.tlog
c:\users\erik\documents\visual studio 2017\projects\q2tools\bsp\qvis3\x64\debug\qvis3.tlog\cl.write.1.tlog
c:\users\erik\documents\visual studio 2017\projects\q2tools\bsp\qvis3\x64\debug\qvis3.tlog\link-cvtres.read.1.tlog
c:\users\erik\documents\visual studio 2017\projects\q2tools\bsp\qvis3\x64\debug\qvis3.tlog\link-cvtres.write.1.tlog
c:\users\erik\documents\visual studio 2017\projects\q2tools\bsp\qvis3\x64\debug\qvis3.tlog\link-rc.read.1.tlog
c:\users\erik\documents\visual studio 2017\projects\q2tools\bsp\qvis3\x64\debug\qvis3.tlog\link-rc.write.1.tlog
c:\users\erik\documents\visual studio 2017\projects\q2tools\bsp\qvis3\x64\debug\qvis3.tlog\link.command.1.tlog
c:\users\erik\documents\visual studio 2017\projects\q2tools\bsp\qvis3\x64\debug\qvis3.tlog\link.read.1.tlog
c:\users\erik\documents\visual studio 2017\projects\q2tools\bsp\qvis3\x64\debug\qvis3.tlog\link.write.1.tlog
